<?xml version="1.0" encoding="UTF-8" ?>
<testsuite tests="2" failures="2" name="com.mycompany.cloudstorage.LoginControllerTest" time="0.315" errors="0" skipped="0">
  <properties>
    <property name="java.runtime.name" value="OpenJDK Runtime Environment"/>
    <property name="java.vm.version" value="19+36"/>
    <property name="sun.boot.library.path" value="/home/ntu-user/.sdkman/candidates/java/19.fx-zulu/lib"/>
    <property name="maven.multiModuleProjectDirectory" value="/home/ntu-user/NetBeansProjects/CloudStorage/Cloud_Storage"/>
    <property name="java.vm.vendor" value="Azul Systems, Inc."/>
    <property name="java.vendor.url" value="http://www.azul.com/"/>
    <property name="guice.disable.misplaced.annotation.check" value="true"/>
    <property name="path.separator" value=":"/>
    <property name="java.vm.name" value="OpenJDK 64-Bit Server VM"/>
    <property name="user.country" value="US"/>
    <property name="sun.java.launcher" value="SUN_STANDARD"/>
    <property name="test" value="com.mycompany.cloudstorage.LoginControllerTest"/>
    <property name="java.vm.specification.name" value="Java Virtual Machine Specification"/>
    <property name="user.dir" value="/home/ntu-user/NetBeansProjects/CloudStorage/Cloud_Storage"/>
    <property name="java.vm.compressedOopsMode" value="32-bit"/>
    <property name="java.runtime.version" value="19+36"/>
    <property name="os.arch" value="amd64"/>
    <property name="java.io.tmpdir" value="/tmp"/>
    <property name="line.separator" value="
"/>
    <property name="java.vm.specification.vendor" value="Oracle Corporation"/>
    <property name="stderr.encoding" value="ANSI_X3.4-1968"/>
    <property name="os.name" value="Linux"/>
    <property name="maven.ext.class.path" value="/home/ntu-user/netbeans/java/maven-nblib/netbeans-eventspy.jar"/>
    <property name="classworlds.conf" value="/home/ntu-user/netbeans/java/maven/bin/m2.conf"/>
    <property name="sun.jnu.encoding" value="ANSI_X3.4-1968"/>
    <property name="stdout.encoding" value="ANSI_X3.4-1968"/>
    <property name="java.library.path" value="/usr/java/packages/lib:/usr/lib64:/lib64:/lib:/usr/lib"/>
    <property name="maven.conf" value="/home/ntu-user/netbeans/java/maven/conf"/>
    <property name="jdk.debug" value="release"/>
    <property name="java.class.version" value="63.0"/>
    <property name="java.specification.name" value="Java Platform API Specification"/>
    <property name="sun.management.compiler" value="HotSpot 64-Bit Tiered Compilers"/>
    <property name="os.version" value="5.10.16.3-microsoft-standard-WSL2"/>
    <property name="library.jansi.path" value="/home/ntu-user/netbeans/java/maven/lib/jansi-native"/>
    <property name="user.home" value="/home/ntu-user"/>
    <property name="user.timezone" value="Etc/UTC"/>
    <property name="file.encoding" value="UTF-8"/>
    <property name="java.specification.version" value="19"/>
    <property name="user.name" value="ntu-user"/>
    <property name="java.class.path" value="/home/ntu-user/netbeans/java/maven/boot/plexus-classworlds-2.6.0.jar"/>
    <property name="java.vm.specification.version" value="19"/>
    <property name="sun.arch.data.model" value="64"/>
    <property name="sun.java.command" value="org.codehaus.plexus.classworlds.launcher.Launcher -Dtest=com.mycompany.cloudstorage.LoginControllerTest -Dmaven.ext.class.path=/home/ntu-user/netbeans/java/maven-nblib/netbeans-eventspy.jar surefire:test"/>
    <property name="java.home" value="/home/ntu-user/.sdkman/candidates/java/19.fx-zulu"/>
    <property name="user.language" value="en"/>
    <property name="java.specification.vendor" value="Oracle Corporation"/>
    <property name="java.vm.info" value="mixed mode, sharing"/>
    <property name="java.version" value="19"/>
    <property name="native.encoding" value="ANSI_X3.4-1968"/>
    <property name="java.vendor" value="Azul Systems, Inc."/>
    <property name="maven.home" value="/home/ntu-user/netbeans/java/maven"/>
    <property name="file.separator" value="/"/>
    <property name="java.version.date" value="2022-09-20"/>
    <property name="java.vendor.url.bug" value="http://www.azul.com/support/"/>
    <property name="sun.io.unicode.encoding" value="UnicodeLittle"/>
    <property name="sun.cpu.endian" value="little"/>
    <property name="java.vendor.version" value="Zulu19.28+81-CA"/>
  </properties>
  <testcase classname="com.mycompany.cloudstorage.LoginControllerTest" name="com.mycompany.cloudstorage.LoginControllerTest.testHandleLoginButtonAction" time="0.016">
    <failure message="Cannot invoke &quot;javafx.scene.control.TextField.getText()&quot; because &quot;this.tf_username&quot; is null" type="java.lang.NullPointerException">java.lang.NullPointerException: Cannot invoke &quot;javafx.scene.control.TextField.getText()&quot; because &quot;this.tf_username&quot; is null
	at com.mycompany.cloudstorage.LoginController.handleLoginButtonAction(LoginController.java:82)
	at com.mycompany.cloudstorage.LoginControllerTest.testHandleLoginButtonAction(LoginControllerTest.java:64)
</failure>
    <system-out>handleLoginButtonAction
</system-out>
  </testcase>
  <testcase classname="com.mycompany.cloudstorage.LoginControllerTest" name="com.mycompany.cloudstorage.LoginControllerTest.testInitialize" time="0.299">
    <failure message="The test case is a prototype." type="org.opentest4j.AssertionFailedError">org.opentest4j.AssertionFailedError: The test case is a prototype.
	at org.junit.jupiter.api.AssertionUtils.fail(AssertionUtils.java:39)
	at org.junit.jupiter.api.Assertions.fail(Assertions.java:109)
	at com.mycompany.cloudstorage.LoginControllerTest.testInitialize(LoginControllerTest.java:53)
</failure>
    <system-out>initialize
Database connected!
</system-out>
  </testcase>
</testsuite>